14:22:45 INFO  : Registering command handlers for SDK TCF services
14:22:45 INFO  : Launching XSCT server: xsct.bat -interactive C:\Users\kab\Desktop\workspace\ZedBoard_DMA_SampleGenerator\ZedBoard_DMA_SampleGenerator.sdk\temp_xsdb_launch_script.tcl
14:22:47 INFO  : XSCT server has started successfully.
14:22:47 INFO  : Successfully done setting XSCT server connection channel  
14:22:49 INFO  : Successfully done setting SDK workspace  
14:22:49 INFO  : Processing command line option -hwspec C:/Users/kab/Desktop/workspace/ZedBoard_DMA_SampleGenerator/ZedBoard_DMA_SampleGenerator.sdk/design_dma_wrapper.hdf.
14:44:42 INFO  : Connected to target on host '127.0.0.1' and port '3121'.
14:44:47 INFO  : 'targets -set -filter {jtag_cable_name =~ "Digilent Zed 210248570623" && level==0} -index 1' command is executed.
14:44:52 INFO  : FPGA configured successfully with bitstream "C:/Users/kab/Desktop/workspace/ZedBoard_DMA_SampleGenerator/ZedBoard_DMA_SampleGenerator.sdk/design_dma_wrapper_hw_platform_0/design_dma_wrapper.bit"
14:47:05 INFO  : 'targets -set -filter {jtag_cable_name =~ "Digilent Zed 210248570623" && level==0} -index 1' command is executed.
14:47:05 INFO  : 'fpga -state' command is executed.
14:47:05 INFO  : Connected to target on host '127.0.0.1' and port '3121'.
14:47:05 INFO  : Jtag cable 'Digilent Zed 210248570623' is selected.
14:47:05 INFO  : 'jtag frequency' command is executed.
14:47:05 INFO  : Sourcing of 'C:/Users/kab/Desktop/workspace/ZedBoard_DMA_SampleGenerator/ZedBoard_DMA_SampleGenerator.sdk/design_dma_wrapper_hw_platform_0/ps7_init.tcl' is done.
14:47:05 INFO  : Context for 'APU' is selected.
14:47:06 INFO  : Hardware design information is loaded from 'C:/Users/kab/Desktop/workspace/ZedBoard_DMA_SampleGenerator/ZedBoard_DMA_SampleGenerator.sdk/design_dma_wrapper_hw_platform_0/system.hdf'.
14:47:06 INFO  : Context for 'APU' is selected.
14:47:07 INFO  : 'stop' command is executed.
14:47:12 INFO  : 'ps7_init' command is executed.
14:47:12 INFO  : 'ps7_post_config' command is executed.
14:47:12 INFO  : Context for processor 'ps7_cortexa9_0' is selected.
14:47:13 INFO  : Processor reset is completed for 'ps7_cortexa9_0'.
14:47:13 INFO  : Context for processor 'ps7_cortexa9_0' is selected.
14:47:14 INFO  : The application 'C:/Users/kab/Desktop/workspace/ZedBoard_DMA_SampleGenerator/ZedBoard_DMA_SampleGenerator.sdk/fsbl/Debug/fsbl.elf' is downloaded to processor 'ps7_cortexa9_0'.
14:47:14 INFO  : ----------------XSDB Script----------------
connect -url tcp:127.0.0.1:3121
source C:/Users/kab/Desktop/workspace/ZedBoard_DMA_SampleGenerator/ZedBoard_DMA_SampleGenerator.sdk/design_dma_wrapper_hw_platform_0/ps7_init.tcl
targets -set -nocase -filter {name =~"APU*" && jtag_cable_name =~ "Digilent Zed 210248570623"} -index 0
loadhw C:/Users/kab/Desktop/workspace/ZedBoard_DMA_SampleGenerator/ZedBoard_DMA_SampleGenerator.sdk/design_dma_wrapper_hw_platform_0/system.hdf
targets -set -nocase -filter {name =~"APU*" && jtag_cable_name =~ "Digilent Zed 210248570623"} -index 0
stop
ps7_init
ps7_post_config
targets -set -nocase -filter {name =~ "ARM*#0" && jtag_cable_name =~ "Digilent Zed 210248570623"} -index 0
rst -processor
targets -set -nocase -filter {name =~ "ARM*#0" && jtag_cable_name =~ "Digilent Zed 210248570623"} -index 0
dow C:/Users/kab/Desktop/workspace/ZedBoard_DMA_SampleGenerator/ZedBoard_DMA_SampleGenerator.sdk/fsbl/Debug/fsbl.elf
----------------End of Script----------------

14:47:15 INFO  : Memory regions updated for context APU
14:47:16 INFO  : Context for processor 'ps7_cortexa9_0' is selected.
14:47:16 INFO  : 'con' command is executed.
14:47:16 INFO  : ----------------XSDB Script (After Launch)----------------
targets -set -nocase -filter {name =~ "ARM*#0" && jtag_cable_name =~ "Digilent Zed 210248570623"} -index 0
con
----------------End of Script----------------

14:47:16 INFO  : Launch script is exported to file 'C:\Users\kab\Desktop\workspace\ZedBoard_DMA_SampleGenerator\ZedBoard_DMA_SampleGenerator.sdk\.sdk\launch_scripts\xilinx_c-c++_application_(system_debugger)\debug_fsbl.tcl'
14:50:34 INFO  : Disconnected from the channel tcfchan#1.
14:50:36 INFO  : 'targets -set -filter {jtag_cable_name =~ "Digilent Zed 210248570623" && level==0} -index 1' command is executed.
14:50:36 INFO  : 'fpga -state' command is executed.
14:50:36 INFO  : Connected to target on host '127.0.0.1' and port '3121'.
14:50:37 INFO  : Jtag cable 'Digilent Zed 210248570623' is selected.
14:50:37 INFO  : 'jtag frequency' command is executed.
14:50:37 INFO  : Sourcing of 'C:/Users/kab/Desktop/workspace/ZedBoard_DMA_SampleGenerator/ZedBoard_DMA_SampleGenerator.sdk/design_dma_wrapper_hw_platform_0/ps7_init.tcl' is done.
14:50:37 INFO  : Context for 'APU' is selected.
14:50:39 INFO  : Hardware design information is loaded from 'C:/Users/kab/Desktop/workspace/ZedBoard_DMA_SampleGenerator/ZedBoard_DMA_SampleGenerator.sdk/design_dma_wrapper_hw_platform_0/system.hdf'.
14:50:39 INFO  : Context for 'APU' is selected.
14:50:39 INFO  : 'stop' command is executed.
14:50:53 INFO  : 'ps7_init' command is executed.
14:50:53 INFO  : 'ps7_post_config' command is executed.
14:50:53 INFO  : Context for processor 'ps7_cortexa9_0' is selected.
14:50:54 INFO  : Processor reset is completed for 'ps7_cortexa9_0'.
14:50:54 INFO  : Context for processor 'ps7_cortexa9_0' is selected.
14:50:54 INFO  : The application 'C:/Users/kab/Desktop/workspace/ZedBoard_DMA_SampleGenerator/ZedBoard_DMA_SampleGenerator.sdk/hello_world/Debug/hello_world.elf' is downloaded to processor 'ps7_cortexa9_0'.
14:50:54 INFO  : ----------------XSDB Script----------------
connect -url tcp:127.0.0.1:3121
source C:/Users/kab/Desktop/workspace/ZedBoard_DMA_SampleGenerator/ZedBoard_DMA_SampleGenerator.sdk/design_dma_wrapper_hw_platform_0/ps7_init.tcl
targets -set -nocase -filter {name =~"APU*" && jtag_cable_name =~ "Digilent Zed 210248570623"} -index 0
loadhw C:/Users/kab/Desktop/workspace/ZedBoard_DMA_SampleGenerator/ZedBoard_DMA_SampleGenerator.sdk/design_dma_wrapper_hw_platform_0/system.hdf
targets -set -nocase -filter {name =~"APU*" && jtag_cable_name =~ "Digilent Zed 210248570623"} -index 0
stop
ps7_init
ps7_post_config
targets -set -nocase -filter {name =~ "ARM*#0" && jtag_cable_name =~ "Digilent Zed 210248570623"} -index 0
rst -processor
targets -set -nocase -filter {name =~ "ARM*#0" && jtag_cable_name =~ "Digilent Zed 210248570623"} -index 0
dow C:/Users/kab/Desktop/workspace/ZedBoard_DMA_SampleGenerator/ZedBoard_DMA_SampleGenerator.sdk/hello_world/Debug/hello_world.elf
----------------End of Script----------------

14:50:55 INFO  : Memory regions updated for context APU
14:50:55 INFO  : Context for processor 'ps7_cortexa9_0' is selected.
14:50:55 INFO  : 'con' command is executed.
14:50:55 INFO  : ----------------XSDB Script (After Launch)----------------
targets -set -nocase -filter {name =~ "ARM*#0" && jtag_cable_name =~ "Digilent Zed 210248570623"} -index 0
con
----------------End of Script----------------

14:50:55 INFO  : Launch script is exported to file 'C:\Users\kab\Desktop\workspace\ZedBoard_DMA_SampleGenerator\ZedBoard_DMA_SampleGenerator.sdk\.sdk\launch_scripts\xilinx_c-c++_application_(system_debugger)\debug_hello_world.tcl'
17:16:03 INFO  : Disconnected from the channel tcfchan#2.
17:16:06 INFO  : 'targets -set -filter {jtag_cable_name =~ "Digilent Zed 210248570623" && level==0} -index 1' command is executed.
17:16:07 INFO  : 'fpga -state' command is executed.
17:16:07 INFO  : Connected to target on host '127.0.0.1' and port '3121'.
17:16:07 INFO  : Jtag cable 'Digilent Zed 210248570623' is selected.
17:16:08 INFO  : 'jtag frequency' command is executed.
17:16:08 INFO  : Sourcing of 'C:/Users/kab/Desktop/workspace/ZedBoard_DMA_SampleGenerator/ZedBoard_DMA_SampleGenerator.sdk/design_dma_wrapper_hw_platform_0/ps7_init.tcl' is done.
17:16:08 INFO  : Context for 'APU' is selected.
17:16:10 INFO  : Hardware design information is loaded from 'C:/Users/kab/Desktop/workspace/ZedBoard_DMA_SampleGenerator/ZedBoard_DMA_SampleGenerator.sdk/design_dma_wrapper_hw_platform_0/system.hdf'.
17:16:10 INFO  : Context for 'APU' is selected.
17:16:11 INFO  : 'stop' command is executed.
17:16:17 INFO  : 'ps7_init' command is executed.
17:16:17 INFO  : 'ps7_post_config' command is executed.
17:16:18 INFO  : Context for processor 'ps7_cortexa9_0' is selected.
17:16:19 INFO  : Processor reset is completed for 'ps7_cortexa9_0'.
17:16:20 INFO  : Context for processor 'ps7_cortexa9_0' is selected.
17:16:23 INFO  : The application 'C:/Users/kab/Desktop/workspace/ZedBoard_DMA_SampleGenerator/ZedBoard_DMA_SampleGenerator.sdk/hello_world/Debug/hello_world.elf' is downloaded to processor 'ps7_cortexa9_0'.
17:16:23 INFO  : ----------------XSDB Script----------------
connect -url tcp:127.0.0.1:3121
source C:/Users/kab/Desktop/workspace/ZedBoard_DMA_SampleGenerator/ZedBoard_DMA_SampleGenerator.sdk/design_dma_wrapper_hw_platform_0/ps7_init.tcl
targets -set -nocase -filter {name =~"APU*" && jtag_cable_name =~ "Digilent Zed 210248570623"} -index 0
loadhw C:/Users/kab/Desktop/workspace/ZedBoard_DMA_SampleGenerator/ZedBoard_DMA_SampleGenerator.sdk/design_dma_wrapper_hw_platform_0/system.hdf
targets -set -nocase -filter {name =~"APU*" && jtag_cable_name =~ "Digilent Zed 210248570623"} -index 0
stop
ps7_init
ps7_post_config
targets -set -nocase -filter {name =~ "ARM*#0" && jtag_cable_name =~ "Digilent Zed 210248570623"} -index 0
rst -processor
targets -set -nocase -filter {name =~ "ARM*#0" && jtag_cable_name =~ "Digilent Zed 210248570623"} -index 0
dow C:/Users/kab/Desktop/workspace/ZedBoard_DMA_SampleGenerator/ZedBoard_DMA_SampleGenerator.sdk/hello_world/Debug/hello_world.elf
----------------End of Script----------------

17:16:24 INFO  : Memory regions updated for context APU
17:16:24 INFO  : Context for processor 'ps7_cortexa9_0' is selected.
17:16:24 INFO  : 'con' command is executed.
17:16:24 INFO  : ----------------XSDB Script (After Launch)----------------
targets -set -nocase -filter {name =~ "ARM*#0" && jtag_cable_name =~ "Digilent Zed 210248570623"} -index 0
con
----------------End of Script----------------

17:16:24 INFO  : Launch script is exported to file 'C:\Users\kab\Desktop\workspace\ZedBoard_DMA_SampleGenerator\ZedBoard_DMA_SampleGenerator.sdk\.sdk\launch_scripts\xilinx_c-c++_application_(system_debugger)\debug_hello_world.tcl'
17:17:38 INFO  : Disconnected from the channel tcfchan#3.
17:17:41 INFO  : 'targets -set -filter {jtag_cable_name =~ "Digilent Zed 210248570623" && level==0} -index 1' command is executed.
17:17:41 INFO  : 'fpga -state' command is executed.
17:17:41 INFO  : Connected to target on host '127.0.0.1' and port '3121'.
17:17:41 INFO  : Jtag cable 'Digilent Zed 210248570623' is selected.
17:17:41 INFO  : 'jtag frequency' command is executed.
17:17:41 INFO  : Sourcing of 'C:/Users/kab/Desktop/workspace/ZedBoard_DMA_SampleGenerator/ZedBoard_DMA_SampleGenerator.sdk/design_dma_wrapper_hw_platform_0/ps7_init.tcl' is done.
17:17:41 INFO  : Context for 'APU' is selected.
17:17:43 INFO  : Hardware design information is loaded from 'C:/Users/kab/Desktop/workspace/ZedBoard_DMA_SampleGenerator/ZedBoard_DMA_SampleGenerator.sdk/design_dma_wrapper_hw_platform_0/system.hdf'.
17:17:43 INFO  : Context for 'APU' is selected.
17:17:44 INFO  : 'stop' command is executed.
17:17:49 INFO  : 'ps7_init' command is executed.
17:17:50 INFO  : 'ps7_post_config' command is executed.
17:17:50 INFO  : Context for processor 'ps7_cortexa9_0' is selected.
17:17:50 INFO  : Processor reset is completed for 'ps7_cortexa9_0'.
17:17:51 INFO  : Context for processor 'ps7_cortexa9_0' is selected.
17:17:53 INFO  : The application 'C:/Users/kab/Desktop/workspace/ZedBoard_DMA_SampleGenerator/ZedBoard_DMA_SampleGenerator.sdk/hello_world/Debug/hello_world.elf' is downloaded to processor 'ps7_cortexa9_0'.
17:17:53 INFO  : ----------------XSDB Script----------------
connect -url tcp:127.0.0.1:3121
source C:/Users/kab/Desktop/workspace/ZedBoard_DMA_SampleGenerator/ZedBoard_DMA_SampleGenerator.sdk/design_dma_wrapper_hw_platform_0/ps7_init.tcl
targets -set -nocase -filter {name =~"APU*" && jtag_cable_name =~ "Digilent Zed 210248570623"} -index 0
loadhw C:/Users/kab/Desktop/workspace/ZedBoard_DMA_SampleGenerator/ZedBoard_DMA_SampleGenerator.sdk/design_dma_wrapper_hw_platform_0/system.hdf
targets -set -nocase -filter {name =~"APU*" && jtag_cable_name =~ "Digilent Zed 210248570623"} -index 0
stop
ps7_init
ps7_post_config
targets -set -nocase -filter {name =~ "ARM*#0" && jtag_cable_name =~ "Digilent Zed 210248570623"} -index 0
rst -processor
targets -set -nocase -filter {name =~ "ARM*#0" && jtag_cable_name =~ "Digilent Zed 210248570623"} -index 0
dow C:/Users/kab/Desktop/workspace/ZedBoard_DMA_SampleGenerator/ZedBoard_DMA_SampleGenerator.sdk/hello_world/Debug/hello_world.elf
----------------End of Script----------------

17:17:53 INFO  : Memory regions updated for context APU
17:17:54 INFO  : Context for processor 'ps7_cortexa9_0' is selected.
17:17:54 INFO  : 'con' command is executed.
17:17:54 INFO  : ----------------XSDB Script (After Launch)----------------
targets -set -nocase -filter {name =~ "ARM*#0" && jtag_cable_name =~ "Digilent Zed 210248570623"} -index 0
con
----------------End of Script----------------

17:17:54 INFO  : Launch script is exported to file 'C:\Users\kab\Desktop\workspace\ZedBoard_DMA_SampleGenerator\ZedBoard_DMA_SampleGenerator.sdk\.sdk\launch_scripts\xilinx_c-c++_application_(system_debugger)\debug_hello_world.tcl'
17:18:29 INFO  : Disconnected from the channel tcfchan#4.
17:18:32 INFO  : 'targets -set -filter {jtag_cable_name =~ "Digilent Zed 210248570623" && level==0} -index 1' command is executed.
17:18:34 INFO  : 'fpga -state' command is executed.
17:18:34 INFO  : Connected to target on host '127.0.0.1' and port '3121'.
17:18:35 INFO  : Jtag cable 'Digilent Zed 210248570623' is selected.
17:18:36 INFO  : 'jtag frequency' command is executed.
17:18:36 INFO  : Sourcing of 'C:/Users/kab/Desktop/workspace/ZedBoard_DMA_SampleGenerator/ZedBoard_DMA_SampleGenerator.sdk/design_dma_wrapper_hw_platform_0/ps7_init.tcl' is done.
17:18:36 INFO  : Context for 'APU' is selected.
17:18:38 INFO  : Hardware design information is loaded from 'C:/Users/kab/Desktop/workspace/ZedBoard_DMA_SampleGenerator/ZedBoard_DMA_SampleGenerator.sdk/design_dma_wrapper_hw_platform_0/system.hdf'.
17:18:38 INFO  : Context for 'APU' is selected.
17:18:38 INFO  : 'stop' command is executed.
17:18:47 INFO  : 'ps7_init' command is executed.
17:18:47 INFO  : 'ps7_post_config' command is executed.
17:18:47 INFO  : Context for processor 'ps7_cortexa9_0' is selected.
17:18:48 INFO  : Processor reset is completed for 'ps7_cortexa9_0'.
17:18:48 INFO  : Context for processor 'ps7_cortexa9_0' is selected.
17:18:54 INFO  : The application 'C:/Users/kab/Desktop/workspace/ZedBoard_DMA_SampleGenerator/ZedBoard_DMA_SampleGenerator.sdk/hello_world/Debug/hello_world.elf' is downloaded to processor 'ps7_cortexa9_0'.
17:18:54 INFO  : ----------------XSDB Script----------------
connect -url tcp:127.0.0.1:3121
source C:/Users/kab/Desktop/workspace/ZedBoard_DMA_SampleGenerator/ZedBoard_DMA_SampleGenerator.sdk/design_dma_wrapper_hw_platform_0/ps7_init.tcl
targets -set -nocase -filter {name =~"APU*" && jtag_cable_name =~ "Digilent Zed 210248570623"} -index 0
loadhw C:/Users/kab/Desktop/workspace/ZedBoard_DMA_SampleGenerator/ZedBoard_DMA_SampleGenerator.sdk/design_dma_wrapper_hw_platform_0/system.hdf
targets -set -nocase -filter {name =~"APU*" && jtag_cable_name =~ "Digilent Zed 210248570623"} -index 0
stop
ps7_init
ps7_post_config
targets -set -nocase -filter {name =~ "ARM*#0" && jtag_cable_name =~ "Digilent Zed 210248570623"} -index 0
rst -processor
targets -set -nocase -filter {name =~ "ARM*#0" && jtag_cable_name =~ "Digilent Zed 210248570623"} -index 0
dow C:/Users/kab/Desktop/workspace/ZedBoard_DMA_SampleGenerator/ZedBoard_DMA_SampleGenerator.sdk/hello_world/Debug/hello_world.elf
----------------End of Script----------------

17:18:55 INFO  : Memory regions updated for context APU
17:18:55 INFO  : Context for processor 'ps7_cortexa9_0' is selected.
17:18:55 INFO  : 'con' command is executed.
17:18:55 INFO  : ----------------XSDB Script (After Launch)----------------
targets -set -nocase -filter {name =~ "ARM*#0" && jtag_cable_name =~ "Digilent Zed 210248570623"} -index 0
con
----------------End of Script----------------

17:18:55 INFO  : Launch script is exported to file 'C:\Users\kab\Desktop\workspace\ZedBoard_DMA_SampleGenerator\ZedBoard_DMA_SampleGenerator.sdk\.sdk\launch_scripts\xilinx_c-c++_application_(system_debugger)\debug_hello_world.tcl'
17:31:20 INFO  : Disconnected from the channel tcfchan#5.
